<?xml version="1.0" encoding="UTF-8"?>
<!-- Generated by org.testng.reporters.JUnitReportReporter -->
<testsuite hostname="Tanveers-MacBook-Pro.local" failures="0" tests="1" name="test.AddContractTest" time="9.025" errors="0" timestamp="28 Dec 2018 23:40:17 GMT">
  <testcase classname="test.AddContractTest" name="AddContact" time="9.025"/>
</testsuite> <!-- test.AddContractTest -->
